<?xml version="1.0" encoding="UTF-8"?>
<testng-results skipped="0" failed="0" ignored="0" total="1" passed="1">
  <reporter-output>
    <line>
      <![CDATA[beforeSuite]]>
    </line>
    <line>
      <![CDATA[beforeMethod]]>
    </line>
    <line>
      <![CDATA[beforeMethod]]>
    </line>
    <line>
      <![CDATA[beforeMethod]]>
    </line>
    <line>
      <![CDATA[beforeMethod]]>
    </line>
    <line>
      <![CDATA[beforeMethod]]>
    </line>
    <line>
      <![CDATA[beforeMethod]]>
    </line>
    <line>
      <![CDATA[afterSuite]]>
    </line>
  </reporter-output>
  <suite name="Default suite" duration-ms="21" started-at="2018-07-25T08:09:40Z" finished-at="2018-07-25T08:09:40Z">
    <groups>
    </groups>
    <test name="Default test" duration-ms="21" started-at="2018-07-25T08:09:40Z" finished-at="2018-07-25T08:09:40Z">
      <class name="selenium.testpackage.BaseClassTestNG">
        <test-method status="PASS" signature="beforeSuite()[pri:0, instance:selenium.testpackage.BaseClassTestNG@e320068]" name="beforeSuite" is-config="true" duration-ms="8" started-at="2018-07-25T08:09:40Z" finished-at="2018-07-25T08:09:40Z">
          <reporter-output>
            <line>
              <![CDATA[beforeSuite]]>
            </line>
          </reporter-output>
        </test-method> <!-- beforeSuite -->
        <test-method status="PASS" signature="beforeTest()[pri:0, instance:selenium.testpackage.BaseClassTestNG@e320068]" name="beforeTest" is-config="true" duration-ms="0" started-at="2018-07-25T08:09:40Z" finished-at="2018-07-25T08:09:40Z">
          <reporter-output>
            <line>
              <![CDATA[beforeMethod]]>
            </line>
          </reporter-output>
        </test-method> <!-- beforeTest -->
        <test-method status="PASS" signature="beforeClass()[pri:0, instance:selenium.testpackage.BaseClassTestNG@e320068]" name="beforeClass" is-config="true" duration-ms="0" started-at="2018-07-25T08:09:40Z" finished-at="2018-07-25T08:09:40Z">
          <reporter-output>
            <line>
              <![CDATA[beforeMethod]]>
            </line>
          </reporter-output>
        </test-method> <!-- beforeClass -->
        <test-method status="PASS" signature="beforeMethod()[pri:0, instance:selenium.testpackage.BaseClassTestNG@e320068]" name="beforeMethod" is-config="true" duration-ms="0" started-at="2018-07-25T08:09:40Z" finished-at="2018-07-25T08:09:40Z">
          <reporter-output>
            <line>
              <![CDATA[beforeMethod]]>
            </line>
          </reporter-output>
        </test-method> <!-- beforeMethod -->
        <test-method status="PASS" signature="f()[pri:0, instance:selenium.testpackage.BaseClassTestNG@e320068]" name="f" duration-ms="5" started-at="2018-07-25T08:09:40Z" finished-at="2018-07-25T08:09:40Z">
          <reporter-output>
          </reporter-output>
        </test-method> <!-- f -->
        <test-method status="PASS" signature="afterMethod()[pri:0, instance:selenium.testpackage.BaseClassTestNG@e320068]" name="afterMethod" is-config="true" duration-ms="0" started-at="2018-07-25T08:09:40Z" finished-at="2018-07-25T08:09:40Z">
          <reporter-output>
            <line>
              <![CDATA[beforeMethod]]>
            </line>
          </reporter-output>
        </test-method> <!-- afterMethod -->
        <test-method status="PASS" signature="afterClass()[pri:0, instance:selenium.testpackage.BaseClassTestNG@e320068]" name="afterClass" is-config="true" duration-ms="0" started-at="2018-07-25T08:09:40Z" finished-at="2018-07-25T08:09:40Z">
          <reporter-output>
            <line>
              <![CDATA[beforeMethod]]>
            </line>
          </reporter-output>
        </test-method> <!-- afterClass -->
        <test-method status="PASS" signature="afterTest()[pri:0, instance:selenium.testpackage.BaseClassTestNG@e320068]" name="afterTest" is-config="true" duration-ms="0" started-at="2018-07-25T08:09:40Z" finished-at="2018-07-25T08:09:40Z">
          <reporter-output>
            <line>
              <![CDATA[beforeMethod]]>
            </line>
          </reporter-output>
        </test-method> <!-- afterTest -->
        <test-method status="PASS" signature="afterSuite()[pri:0, instance:selenium.testpackage.BaseClassTestNG@e320068]" name="afterSuite" is-config="true" duration-ms="0" started-at="2018-07-25T08:09:40Z" finished-at="2018-07-25T08:09:40Z">
          <reporter-output>
            <line>
              <![CDATA[afterSuite]]>
            </line>
          </reporter-output>
        </test-method> <!-- afterSuite -->
      </class> <!-- selenium.testpackage.BaseClassTestNG -->
    </test> <!-- Default test -->
  </suite> <!-- Default suite -->
</testng-results>
